==10183== Memcheck, a memory error detector
==10183== Copyright (C) 2002-2013, and GNU GPL'd, by Julian Seward et al.
==10183== Using Valgrind-3.10.0.SVN and LibVEX; rerun with -h for copyright info
==10183== Command: ./answer11
==10183== Parent PID: 9797
==10183== 
--10183-- 
--10183-- Valgrind options:
--10183--    --tool=memcheck
--10183--    --leak-check=full
--10183--    --show-leak-kinds=all
--10183--    --verbose
--10183--    --log-file=memcheck.log
--10183-- Contents of /proc/version:
--10183--   Linux version 3.13.0-40-generic (buildd@comet) (gcc version 4.8.2 (Ubuntu 4.8.2-19ubuntu1) ) #69-Ubuntu SMP Thu Nov 13 17:53:56 UTC 2014
--10183-- Arch and hwcaps: AMD64, amd64-cx16-rdtscp-sse3-avx
--10183-- Page sizes: currently 4096, max supported 4096
--10183-- Valgrind library directory: /usr/lib/valgrind
--10183-- Reading syms from /home/mahesh/Documents/ECE264/GITHUB/ECE264/PA11/answer11
--10183-- Reading syms from /lib/x86_64-linux-gnu/ld-2.19.so
--10183--   Considering /lib/x86_64-linux-gnu/ld-2.19.so ..
--10183--   .. CRC mismatch (computed 4cbae35e wanted 8d683c31)
--10183--   Considering /usr/lib/debug/lib/x86_64-linux-gnu/ld-2.19.so ..
--10183--   .. CRC is valid
--10183-- Reading syms from /usr/lib/valgrind/memcheck-amd64-linux
--10183--   Considering /usr/lib/valgrind/memcheck-amd64-linux ..
--10183--   .. CRC mismatch (computed 37cdde19 wanted adc367dd)
--10183--    object doesn't have a symbol table
--10183--    object doesn't have a dynamic symbol table
--10183-- Scheduler: using generic scheduler lock implementation.
--10183-- Reading suppressions file: /usr/lib/valgrind/default.supp
==10183== embedded gdbserver: reading from /tmp/vgdb-pipe-from-vgdb-to-10183-by-mahesh-on-???
==10183== embedded gdbserver: writing to   /tmp/vgdb-pipe-to-vgdb-from-10183-by-mahesh-on-???
==10183== embedded gdbserver: shared mem   /tmp/vgdb-pipe-shared-mem-vgdb-10183-by-mahesh-on-???
==10183== 
==10183== TO CONTROL THIS PROCESS USING vgdb (which you probably
==10183== don't want to do, unless you know exactly what you're doing,
==10183== or are doing some strange experiment):
==10183==   /usr/lib/valgrind/../../bin/vgdb --pid=10183 ...command...
==10183== 
==10183== TO DEBUG THIS PROCESS USING GDB: start GDB like this
==10183==   /path/to/gdb ./answer11
==10183== and then give GDB the following command
==10183==   target remote | /usr/lib/valgrind/../../bin/vgdb --pid=10183
==10183== --pid is optional if only one valgrind process is running
==10183== 
--10183-- REDIR: 0x4019ca0 (strlen) redirected to 0x38068331 (???)
--10183-- Reading syms from /usr/lib/valgrind/vgpreload_core-amd64-linux.so
--10183--   Considering /usr/lib/valgrind/vgpreload_core-amd64-linux.so ..
--10183--   .. CRC mismatch (computed 329d6860 wanted c0186920)
--10183--    object doesn't have a symbol table
--10183-- Reading syms from /usr/lib/valgrind/vgpreload_memcheck-amd64-linux.so
--10183--   Considering /usr/lib/valgrind/vgpreload_memcheck-amd64-linux.so ..
--10183--   .. CRC mismatch (computed 1fb85af8 wanted 2e9e3c16)
--10183--    object doesn't have a symbol table
==10183== WARNING: new redirection conflicts with existing -- ignoring it
--10183--     old: 0x04019ca0 (strlen              ) R-> (0000.0) 0x38068331 ???
--10183--     new: 0x04019ca0 (strlen              ) R-> (2007.0) 0x04c2e1a0 strlen
--10183-- REDIR: 0x4019a50 (index) redirected to 0x4c2dd50 (index)
--10183-- REDIR: 0x4019c70 (strcmp) redirected to 0x4c2f2f0 (strcmp)
--10183-- REDIR: 0x401a9c0 (mempcpy) redirected to 0x4c31da0 (mempcpy)
--10183-- Reading syms from /lib/x86_64-linux-gnu/libc-2.19.so
--10183--   Considering /lib/x86_64-linux-gnu/libc-2.19.so ..
--10183--   .. CRC mismatch (computed e7228afa wanted 93ff6981)
--10183--   Considering /usr/lib/debug/lib/x86_64-linux-gnu/libc-2.19.so ..
--10183--   .. CRC is valid
--10183-- REDIR: 0x4ec47e0 (strcasecmp) redirected to 0x4a25720 (_vgnU_ifunc_wrapper)
--10183-- REDIR: 0x4ec6ad0 (strncasecmp) redirected to 0x4a25720 (_vgnU_ifunc_wrapper)
--10183-- REDIR: 0x4ec3fb0 (memcpy@GLIBC_2.2.5) redirected to 0x4a25720 (_vgnU_ifunc_wrapper)
--10183-- REDIR: 0x4ec2240 (rindex) redirected to 0x4c2da30 (rindex)
--10183-- REDIR: 0x4eba1d0 (malloc) redirected to 0x4c2ab10 (malloc)
--10183-- REDIR: 0x4ec2e90 (__GI_strstr) redirected to 0x4c32030 (__strstr_sse2)
--10183-- REDIR: 0x4eba870 (free) redirected to 0x4c2bd80 (free)
==10183== 
==10183== HEAP SUMMARY:
==10183==     in use at exit: 0 bytes in 0 blocks
==10183==   total heap usage: 20 allocs, 20 frees, 936 bytes allocated
==10183== 
==10183== All heap blocks were freed -- no leaks are possible
==10183== 
==10183== ERROR SUMMARY: 0 errors from 0 contexts (suppressed: 0 from 0)
==10183== ERROR SUMMARY: 0 errors from 0 contexts (suppressed: 0 from 0)
