==46341== Memcheck, a memory error detector
==46341== Copyright (C) 2002-2012, and GNU GPL'd, by Julian Seward et al.
==46341== Using Valgrind-3.8.1 and LibVEX; rerun with -h for copyright info
==46341== Command: ./pa02
==46341== Parent PID: 13631
==46341== 
--46341-- 
--46341-- Valgrind options:
--46341--    --tool=memcheck
--46341--    --leak-check=full
--46341--    --verbose
--46341--    --log-file=memcheck.log
--46341-- Contents of /proc/version:
--46341--   Linux version 2.6.32-431.23.3.el6.x86_64 (mockbuild@x86-027.build.eng.bos.redhat.com) (gcc version 4.4.7 20120313 (Red Hat 4.4.7-4) (GCC) ) #1 SMP Wed Jul 16 06:12:23 EDT 2014
--46341-- Arch and hwcaps: AMD64, amd64-sse3-cx16-avx
--46341-- Page sizes: currently 4096, max supported 4096
--46341-- Valgrind library directory: /usr/lib64/valgrind
--46341-- Reading syms from /home/shay/b/mgorantl/ECE264/problems/ECE264Assignments/Fall2014/PA02/pa02
--46341-- Reading syms from /usr/lib64/valgrind/memcheck-amd64-linux
--46341--    object doesn't have a dynamic symbol table
--46341-- Reading syms from /lib64/ld-2.12.so
--46341--   Considering /usr/lib/debug/.build-id/57/bf668f99b7f5917b8d55fbb645173c9a644575.debug ..
--46341--   .. build-id is valid
--46341-- Scheduler: using generic scheduler lock implementation.
--46341-- Reading suppressions file: /usr/lib64/valgrind/default.supp
==46341== embedded gdbserver: reading from /tmp/vgdb-pipe-from-vgdb-to-46341-by-mgorantl-on-ecegrid-thin4.ecn.purdue.edu
==46341== embedded gdbserver: writing to   /tmp/vgdb-pipe-to-vgdb-from-46341-by-mgorantl-on-ecegrid-thin4.ecn.purdue.edu
==46341== embedded gdbserver: shared mem   /tmp/vgdb-pipe-shared-mem-vgdb-46341-by-mgorantl-on-ecegrid-thin4.ecn.purdue.edu
==46341== 
==46341== TO CONTROL THIS PROCESS USING vgdb (which you probably
==46341== don't want to do, unless you know exactly what you're doing,
==46341== or are doing some strange experiment):
==46341==   /usr/lib64/valgrind/../../bin/vgdb --pid=46341 ...command...
==46341== 
==46341== TO DEBUG THIS PROCESS USING GDB: start GDB like this
==46341==   /path/to/gdb ./pa02
==46341== and then give GDB the following command
==46341==   target remote | /usr/lib64/valgrind/../../bin/vgdb --pid=46341
==46341== --pid is optional if only one valgrind process is running
==46341== 
--46341-- REDIR: 0x36c2417530 (strlen) redirected to 0x38049551 (vgPlain_amd64_linux_REDIR_FOR_strlen)
--46341-- Reading syms from /usr/lib64/valgrind/vgpreload_core-amd64-linux.so
--46341-- Reading syms from /usr/lib64/valgrind/vgpreload_memcheck-amd64-linux.so
--46341-- REDIR: 0x36c24173a0 (index) redirected to 0x4a07bf0 (index)
--46341-- REDIR: 0x36c2417420 (strcmp) redirected to 0x4a08530 (strcmp)
--46341-- Reading syms from /lib64/libc-2.12.so
--46341--   Considering /usr/lib/debug/.build-id/07/b5ce35eba864a01b697f5ca117e94b9248064f.debug ..
--46341--   .. build-id is valid
--46341-- REDIR: 0x36c2884cd0 (strcasecmp) redirected to 0x480155c (_vgnU_ifunc_wrapper)
--46341-- REDIR: 0x36c2886f90 (strncasecmp) redirected to 0x480155c (_vgnU_ifunc_wrapper)
--46341-- REDIR: 0x36c2882c40 (__GI_strrchr) redirected to 0x4a07a70 (__GI_strrchr)
--46341-- REDIR: 0x36c2881160 (__GI_strlen) redirected to 0x4a07f70 (__GI_strlen)
--46341-- REDIR: 0x36c288aaf0 (strchrnul) redirected to 0x4a09f10 (strchrnul)
--46341-- REDIR: 0x36c287b520 (free) redirected to 0x4a06369 (free)
--46341-- REDIR: 0x36c2884500 (mempcpy) redirected to 0x4a09f80 (mempcpy)
==46341== 
==46341== HEAP SUMMARY:
==46341==     in use at exit: 0 bytes in 0 blocks
==46341==   total heap usage: 0 allocs, 0 frees, 0 bytes allocated
==46341== 
==46341== All heap blocks were freed -- no leaks are possible
==46341== 
==46341== ERROR SUMMARY: 0 errors from 0 contexts (suppressed: 6 from 6)
--46341-- 
--46341-- used_suppression:      4 U1004-ARM-_dl_relocate_object
--46341-- used_suppression:      2 glibc-2.5.x-on-SUSE-10.2-(PPC)-2a
==46341== 
==46341== ERROR SUMMARY: 0 errors from 0 contexts (suppressed: 6 from 6)
