==4794== Memcheck, a memory error detector
==4794== Copyright (C) 2002-2013, and GNU GPL'd, by Julian Seward et al.
==4794== Using Valgrind-3.10.0.SVN and LibVEX; rerun with -h for copyright info
==4794== Command: ./pa03
==4794== Parent PID: 2512
==4794== 
--4794-- 
--4794-- Valgrind options:
--4794--    --tool=memcheck
--4794--    --leak-check=full
--4794--    --verbose
--4794--    --log-file=memcheck.log
--4794-- Contents of /proc/version:
--4794--   Linux version 3.13.0-35-generic (buildd@panlong) (gcc version 4.8.2 (Ubuntu 4.8.2-19ubuntu1) ) #62-Ubuntu SMP Fri Aug 15 01:58:42 UTC 2014
--4794-- Arch and hwcaps: AMD64, amd64-cx16-rdtscp-sse3-avx
--4794-- Page sizes: currently 4096, max supported 4096
--4794-- Valgrind library directory: /usr/lib/valgrind
--4794-- Reading syms from /home/mahesh/Documents/ECE264/ECE264Assignments/GITHUB/ECE264/PA03/pa03
--4794-- Reading syms from /lib/x86_64-linux-gnu/ld-2.19.so
--4794--   Considering /lib/x86_64-linux-gnu/ld-2.19.so ..
--4794--   .. CRC mismatch (computed 4cbae35e wanted 8d683c31)
--4794--   Considering /usr/lib/debug/lib/x86_64-linux-gnu/ld-2.19.so ..
--4794--   .. CRC is valid
--4794-- Reading syms from /usr/lib/valgrind/memcheck-amd64-linux
--4794--   Considering /usr/lib/valgrind/memcheck-amd64-linux ..
--4794--   .. CRC mismatch (computed 37cdde19 wanted adc367dd)
--4794--    object doesn't have a symbol table
--4794--    object doesn't have a dynamic symbol table
--4794-- Scheduler: using generic scheduler lock implementation.
--4794-- Reading suppressions file: /usr/lib/valgrind/default.supp
==4794== embedded gdbserver: reading from /tmp/vgdb-pipe-from-vgdb-to-4794-by-mahesh-on-???
==4794== embedded gdbserver: writing to   /tmp/vgdb-pipe-to-vgdb-from-4794-by-mahesh-on-???
==4794== embedded gdbserver: shared mem   /tmp/vgdb-pipe-shared-mem-vgdb-4794-by-mahesh-on-???
==4794== 
==4794== TO CONTROL THIS PROCESS USING vgdb (which you probably
==4794== don't want to do, unless you know exactly what you're doing,
==4794== or are doing some strange experiment):
==4794==   /usr/lib/valgrind/../../bin/vgdb --pid=4794 ...command...
==4794== 
==4794== TO DEBUG THIS PROCESS USING GDB: start GDB like this
==4794==   /path/to/gdb ./pa03
==4794== and then give GDB the following command
==4794==   target remote | /usr/lib/valgrind/../../bin/vgdb --pid=4794
==4794== --pid is optional if only one valgrind process is running
==4794== 
--4794-- REDIR: 0x4019ca0 (strlen) redirected to 0x38068331 (???)
--4794-- Reading syms from /usr/lib/valgrind/vgpreload_core-amd64-linux.so
--4794--   Considering /usr/lib/valgrind/vgpreload_core-amd64-linux.so ..
--4794--   .. CRC mismatch (computed 329d6860 wanted c0186920)
--4794--    object doesn't have a symbol table
--4794-- Reading syms from /usr/lib/valgrind/vgpreload_memcheck-amd64-linux.so
--4794--   Considering /usr/lib/valgrind/vgpreload_memcheck-amd64-linux.so ..
--4794--   .. CRC mismatch (computed 1fb85af8 wanted 2e9e3c16)
--4794--    object doesn't have a symbol table
==4794== WARNING: new redirection conflicts with existing -- ignoring it
--4794--     old: 0x04019ca0 (strlen              ) R-> (0000.0) 0x38068331 ???
--4794--     new: 0x04019ca0 (strlen              ) R-> (2007.0) 0x04c2e1a0 strlen
--4794-- REDIR: 0x4019a50 (index) redirected to 0x4c2dd50 (index)
--4794-- REDIR: 0x4019c70 (strcmp) redirected to 0x4c2f2f0 (strcmp)
--4794-- REDIR: 0x401a9c0 (mempcpy) redirected to 0x4c31da0 (mempcpy)
--4794-- Reading syms from /lib/x86_64-linux-gnu/libc-2.19.so
--4794--   Considering /lib/x86_64-linux-gnu/libc-2.19.so ..
--4794--   .. CRC mismatch (computed e7228afa wanted 93ff6981)
--4794--   Considering /usr/lib/debug/lib/x86_64-linux-gnu/libc-2.19.so ..
--4794--   .. CRC is valid
--4794-- REDIR: 0x4ec47e0 (strcasecmp) redirected to 0x4a25720 (_vgnU_ifunc_wrapper)
--4794-- REDIR: 0x4ec6ad0 (strncasecmp) redirected to 0x4a25720 (_vgnU_ifunc_wrapper)
--4794-- REDIR: 0x4ec3fb0 (memcpy@GLIBC_2.2.5) redirected to 0x4a25720 (_vgnU_ifunc_wrapper)
--4794-- REDIR: 0x4ec2240 (rindex) redirected to 0x4c2da30 (rindex)
--4794-- REDIR: 0x4eba1d0 (malloc) redirected to 0x4c2ab10 (malloc)
--4794-- REDIR: 0x4ec0540 (strlen) redirected to 0x4c2e0e0 (strlen)
--4794-- REDIR: 0x4ebff80 (strcpy) redirected to 0x4a25720 (_vgnU_ifunc_wrapper)
--4794-- REDIR: 0x4ed4610 (__strcpy_sse2_unaligned) redirected to 0x4c2e1c0 (strcpy)
--4794-- REDIR: 0x4eba870 (free) redirected to 0x4c2bd80 (free)
--4794-- REDIR: 0x4ebe6a0 (strcat) redirected to 0x4a25720 (_vgnU_ifunc_wrapper)
--4794-- REDIR: 0x4ed7430 (__strcat_sse2_unaligned) redirected to 0x4c2dd90 (strcat)
--4794-- REDIR: 0x4ecb540 (strchrnul) redirected to 0x4c319b0 (strchrnul)
--4794-- REDIR: 0x4ebe8a0 (index) redirected to 0x4a25720 (_vgnU_ifunc_wrapper)
--4794-- REDIR: 0x4ebe8d0 (__GI_strchr) redirected to 0x4c2db90 (__GI_strchr)
--4794-- REDIR: 0x4ec91b0 (memcpy@@GLIBC_2.14) redirected to 0x4a25720 (_vgnU_ifunc_wrapper)
--4794-- REDIR: 0x4ecfa50 (__memcpy_sse2_unaligned) redirected to 0x4c2f6b0 (memcpy@@GLIBC_2.14)
--4794-- REDIR: 0x4ebeaf0 (strcmp) redirected to 0x4a25720 (_vgnU_ifunc_wrapper)
--4794-- REDIR: 0x4f77d40 (__strcmp_ssse3) redirected to 0x4c2f1b0 (strcmp)
--4794-- REDIR: 0x4ec9200 (__GI_memcpy) redirected to 0x4c2fc90 (__GI_memcpy)
==4794== 
==4794== HEAP SUMMARY:
==4794==     in use at exit: 0 bytes in 0 blocks
==4794==   total heap usage: 40 allocs, 40 frees, 536 bytes allocated
==4794== 
==4794== All heap blocks were freed -- no leaks are possible
==4794== 
==4794== ERROR SUMMARY: 0 errors from 0 contexts (suppressed: 0 from 0)
==4794== ERROR SUMMARY: 0 errors from 0 contexts (suppressed: 0 from 0)
