==3730== Memcheck, a memory error detector
==3730== Copyright (C) 2002-2013, and GNU GPL'd, by Julian Seward et al.
==3730== Using Valgrind-3.10.0.SVN and LibVEX; rerun with -h for copyright info
==3730== Command: ./answer08
==3730== Parent PID: 2787
==3730== 
--3730-- 
--3730-- Valgrind options:
--3730--    --leak-check=full
--3730--    --tool=memcheck
--3730--    --verbose
--3730--    --log-file=memcheck.log
--3730-- Contents of /proc/version:
--3730--   Linux version 3.13.0-37-generic (buildd@kapok) (gcc version 4.8.2 (Ubuntu 4.8.2-19ubuntu1) ) #64-Ubuntu SMP Mon Sep 22 21:28:38 UTC 2014
--3730-- Arch and hwcaps: AMD64, amd64-cx16-rdtscp-sse3-avx
--3730-- Page sizes: currently 4096, max supported 4096
--3730-- Valgrind library directory: /usr/lib/valgrind
--3730-- Reading syms from /home/mahesh/Documents/ECE264/ECE264Assignments/GITHUB/ECE264/PA08/answer08
--3730-- Reading syms from /lib/x86_64-linux-gnu/ld-2.19.so
--3730--   Considering /lib/x86_64-linux-gnu/ld-2.19.so ..
--3730--   .. CRC mismatch (computed 4cbae35e wanted 8d683c31)
--3730--   Considering /usr/lib/debug/lib/x86_64-linux-gnu/ld-2.19.so ..
--3730--   .. CRC is valid
--3730-- Reading syms from /usr/lib/valgrind/memcheck-amd64-linux
--3730--   Considering /usr/lib/valgrind/memcheck-amd64-linux ..
--3730--   .. CRC mismatch (computed 37cdde19 wanted adc367dd)
--3730--    object doesn't have a symbol table
--3730--    object doesn't have a dynamic symbol table
--3730-- Scheduler: using generic scheduler lock implementation.
--3730-- Reading suppressions file: /usr/lib/valgrind/default.supp
==3730== embedded gdbserver: reading from /tmp/vgdb-pipe-from-vgdb-to-3730-by-mahesh-on-???
==3730== embedded gdbserver: writing to   /tmp/vgdb-pipe-to-vgdb-from-3730-by-mahesh-on-???
==3730== embedded gdbserver: shared mem   /tmp/vgdb-pipe-shared-mem-vgdb-3730-by-mahesh-on-???
==3730== 
==3730== TO CONTROL THIS PROCESS USING vgdb (which you probably
==3730== don't want to do, unless you know exactly what you're doing,
==3730== or are doing some strange experiment):
==3730==   /usr/lib/valgrind/../../bin/vgdb --pid=3730 ...command...
==3730== 
==3730== TO DEBUG THIS PROCESS USING GDB: start GDB like this
==3730==   /path/to/gdb ./answer08
==3730== and then give GDB the following command
==3730==   target remote | /usr/lib/valgrind/../../bin/vgdb --pid=3730
==3730== --pid is optional if only one valgrind process is running
==3730== 
--3730-- REDIR: 0x4019ca0 (strlen) redirected to 0x38068331 (???)
--3730-- Reading syms from /usr/lib/valgrind/vgpreload_core-amd64-linux.so
--3730--   Considering /usr/lib/valgrind/vgpreload_core-amd64-linux.so ..
--3730--   .. CRC mismatch (computed 329d6860 wanted c0186920)
--3730--    object doesn't have a symbol table
--3730-- Reading syms from /usr/lib/valgrind/vgpreload_memcheck-amd64-linux.so
--3730--   Considering /usr/lib/valgrind/vgpreload_memcheck-amd64-linux.so ..
--3730--   .. CRC mismatch (computed 1fb85af8 wanted 2e9e3c16)
--3730--    object doesn't have a symbol table
==3730== WARNING: new redirection conflicts with existing -- ignoring it
--3730--     old: 0x04019ca0 (strlen              ) R-> (0000.0) 0x38068331 ???
--3730--     new: 0x04019ca0 (strlen              ) R-> (2007.0) 0x04c2e1a0 strlen
--3730-- REDIR: 0x4019a50 (index) redirected to 0x4c2dd50 (index)
--3730-- REDIR: 0x4019c70 (strcmp) redirected to 0x4c2f2f0 (strcmp)
--3730-- REDIR: 0x401a9c0 (mempcpy) redirected to 0x4c31da0 (mempcpy)
--3730-- Reading syms from /lib/x86_64-linux-gnu/libc-2.19.so
--3730--   Considering /lib/x86_64-linux-gnu/libc-2.19.so ..
--3730--   .. CRC mismatch (computed e7228afa wanted 93ff6981)
--3730--   Considering /usr/lib/debug/lib/x86_64-linux-gnu/libc-2.19.so ..
--3730--   .. CRC is valid
--3730-- REDIR: 0x4ec47e0 (strcasecmp) redirected to 0x4a25720 (_vgnU_ifunc_wrapper)
--3730-- REDIR: 0x4ec6ad0 (strncasecmp) redirected to 0x4a25720 (_vgnU_ifunc_wrapper)
--3730-- REDIR: 0x4ec3fb0 (memcpy@GLIBC_2.2.5) redirected to 0x4a25720 (_vgnU_ifunc_wrapper)
--3730-- REDIR: 0x4ec2240 (rindex) redirected to 0x4c2da30 (rindex)
--3730-- REDIR: 0x4eba1d0 (malloc) redirected to 0x4c2ab10 (malloc)
--3730-- REDIR: 0x4ec0540 (strlen) redirected to 0x4c2e0e0 (strlen)
--3730-- REDIR: 0x4ec9200 (__GI_memcpy) redirected to 0x4c2fc90 (__GI_memcpy)
--3730-- REDIR: 0x4ecb540 (strchrnul) redirected to 0x4c319b0 (strchrnul)
--3730-- REDIR: 0x4eba870 (free) redirected to 0x4c2bd80 (free)
==3730== 
==3730== HEAP SUMMARY:
==3730==     in use at exit: 0 bytes in 0 blocks
==3730==   total heap usage: 14 allocs, 14 frees, 164 bytes allocated
==3730== 
==3730== All heap blocks were freed -- no leaks are possible
==3730== 
==3730== ERROR SUMMARY: 0 errors from 0 contexts (suppressed: 0 from 0)
==3730== ERROR SUMMARY: 0 errors from 0 contexts (suppressed: 0 from 0)
